# JRE version: OpenJDK Runtime Environment Temurin-17.0.9+9 (17.0.9+9) (build 17.0.9+9)
# Java VM: OpenJDK 64-Bit Server VM Temurin-17.0.9+9 (17.0.9+9, mixed mode, sharing, tiered, compressed oops, compressed class ptrs, g1 gc, windows-amd64)
GC Precious Log:
 CPUs: 4 total, 4 available
 Memory: 3877M
 Large Page Support: Disabled
 NUMA Support: Disabled
 Compressed Oops: Enabled (32-bit)
 Heap Region Size: 1M
 Heap Min Capacity: 8M
 Heap Initial Capacity: 62M
 Heap Max Capacity: 970M
 Pre-touch: Disabled
 Parallel Workers: 4
 Concurrent Workers: 1
 Concurrent Refinement Workers: 4
 Periodic GC: Disabled
Heap:
 garbage-first heap   total 63488K, used 14082K [0x00000000c3600000, 0x0000000100000000)
  region size 1024K, 10 young (10240K), 5 survivors (5120K)
 Metaspace       used 19112K, committed 19456K, reserved 1114112K
  class space    used 2334K, committed 2496K, reserved 1048576K
GC Heap History (8 events):
Event: 3.730 GC heap before
{Heap before GC invocations=0 (full 0):
 garbage-first heap   total 63488K, used 12288K [0x00000000c3600000, 0x0000000100000000)
  region size 1024K, 13 young (13312K), 0 survivors (0K)
 Metaspace       used 4102K, committed 4288K, reserved 1114112K
  class space    used 423K, committed 512K, reserved 1048576K
}
Event: 3.853 GC heap after
{Heap after GC invocations=1 (full 0):
 garbage-first heap   total 63488K, used 4643K [0x00000000c3600000, 0x0000000100000000)
  region size 1024K, 2 young (2048K), 2 survivors (2048K)
 Metaspace       used 4102K, committed 4288K, reserved 1114112K
  class space    used 423K, committed 512K, reserved 1048576K
}
Event: 4.804 GC heap before
{Heap before GC invocations=1 (full 0):
 garbage-first heap   total 63488K, used 14883K [0x00000000c3600000, 0x0000000100000000)
  region size 1024K, 12 young (12288K), 2 survivors (2048K)
 Metaspace       used 6907K, committed 7040K, reserved 1114112K
  class space    used 824K, committed 896K, reserved 1048576K
}
Event: 4.812 GC heap after
{Heap after GC invocations=2 (full 0):
 garbage-first heap   total 63488K, used 5538K [0x00000000c3600000, 0x0000000100000000)
  region size 1024K, 1 young (1024K), 1 survivors (1024K)
 Metaspace       used 6907K, committed 7040K, reserved 1114112K
  class space    used 824K, committed 896K, reserved 1048576K
}
Event: 6.824 GC heap before
{Heap before GC invocations=2 (full 0):
 garbage-first heap   total 63488K, used 27042K [0x00000000c3600000, 0x0000000100000000)
  region size 1024K, 23 young (23552K), 1 survivors (1024K)
 Metaspace       used 12829K, committed 13056K, reserved 1114112K
  class space    used 1543K, committed 1664K, reserved 1048576K
}
Event: 6.834 GC heap after
{Heap after GC invocations=3 (full 0):
 garbage-first heap   total 63488K, used 7259K [0x00000000c3600000, 0x0000000100000000)
  region size 1024K, 3 young (3072K), 3 survivors (3072K)
 Metaspace       used 12829K, committed 13056K, reserved 1114112K
  class space    used 1543K, committed 1664K, reserved 1048576K
}
Event: 11.011 GC heap before
{Heap before GC invocations=3 (full 0):
 garbage-first heap   total 63488K, used 39003K [0x00000000c3600000, 0x0000000100000000)
  region size 1024K, 35 young (35840K), 3 survivors (3072K)
 Metaspace       used 18482K, committed 18816K, reserved 1114112K
  class space    used 2261K, committed 2432K, reserved 1048576K
}
Event: 11.026 GC heap after
{Heap after GC invocations=4 (full 0):
 garbage-first heap   total 63488K, used 9986K [0x00000000c3600000, 0x0000000100000000)
  region size 1024K, 5 young (5120K), 5 survivors (5120K)
 Metaspace       used 18482K, committed 18816K, reserved 1114112K
  class space    used 2261K, committed 2432K, reserved 1048576K
}

